{
	"contracts/Lottery.sol": {
		"l": {
			"67": 3,
			"68": 3,
			"69": 3,
			"70": 3,
			"71": 3,
			"72": 3,
			"73": 3,
			"74": 3,
			"79": 7,
			"80": 1,
			"82": 6,
			"83": 1,
			"85": 5,
			"88": 5,
			"110": 6,
			"111": 6,
			"112": 6,
			"113": 6,
			"114": 6,
			"123": 3,
			"124": 3,
			"125": 1,
			"134": 2,
			"140": 2,
			"148": 2,
			"156": 0,
			"157": 0,
			"158": 0,
			"159": 0,
			"161": 0,
			"162": 0,
			"165": 0,
			"166": 0,
			"167": 0,
			"168": 0,
			"179": 9,
			"183": 1,
			"187": 0,
			"191": 1,
			"195": 0,
			"199": 0,
			"203": 0,
			"207": 0,
			"211": 9
		},
		"path": "/home/aditya/blockchain-dev/hardhat-smart-contract-lottery/contracts/Lottery.sol",
		"s": {
			"1": 3,
			"2": 3,
			"3": 3,
			"4": 3,
			"5": 3,
			"6": 3,
			"7": 3,
			"8": 3,
			"9": 7,
			"10": 6,
			"11": 5,
			"12": 5,
			"13": 6,
			"14": 6,
			"15": 6,
			"16": 6,
			"17": 6,
			"18": 3,
			"19": 3,
			"20": 2,
			"21": 2,
			"22": 2,
			"23": 0,
			"24": 0,
			"25": 0,
			"26": 0,
			"27": 0,
			"28": 0,
			"29": 0,
			"30": 0,
			"31": 0,
			"32": 9,
			"33": 1,
			"34": 0,
			"35": 1,
			"36": 0,
			"37": 0,
			"38": 0,
			"39": 0,
			"40": 9
		},
		"b": { "1": [1, 6], "2": [1, 5], "3": [1, 2], "4": [0, 0] },
		"f": {
			"1": 3,
			"2": 7,
			"3": 6,
			"4": 3,
			"5": 0,
			"6": 9,
			"7": 1,
			"8": 0,
			"9": 1,
			"10": 0,
			"11": 0,
			"12": 0,
			"13": 0,
			"14": 9
		},
		"fnMap": {
			"1": {
				"name": "constructor",
				"line": 66,
				"loc": { "start": { "line": 59, "column": 1 }, "end": { "line": 75, "column": 1 } }
			},
			"2": {
				"name": "enterLottery",
				"line": 78,
				"loc": { "start": { "line": 78, "column": 1 }, "end": { "line": 89, "column": 1 } }
			},
			"3": {
				"name": "checkUpkeep",
				"line": 100,
				"loc": {
					"start": { "line": 100, "column": 1 },
					"end": { "line": 115, "column": 1 }
				}
			},
			"4": {
				"name": "performUpkeep",
				"line": 118,
				"loc": {
					"start": { "line": 118, "column": 1 },
					"end": { "line": 149, "column": 1 }
				}
			},
			"5": {
				"name": "fulfillRandomWords",
				"line": 152,
				"loc": {
					"start": { "line": 152, "column": 1 },
					"end": { "line": 169, "column": 1 }
				}
			},
			"6": {
				"name": "getEntrenceFee",
				"line": 178,
				"loc": {
					"start": { "line": 178, "column": 1 },
					"end": { "line": 180, "column": 1 }
				}
			},
			"7": {
				"name": "getPlayer",
				"line": 182,
				"loc": {
					"start": { "line": 182, "column": 1 },
					"end": { "line": 184, "column": 1 }
				}
			},
			"8": {
				"name": "getRecentWinner",
				"line": 186,
				"loc": {
					"start": { "line": 186, "column": 1 },
					"end": { "line": 188, "column": 1 }
				}
			},
			"9": {
				"name": "getLotteryState",
				"line": 190,
				"loc": {
					"start": { "line": 190, "column": 1 },
					"end": { "line": 192, "column": 1 }
				}
			},
			"10": {
				"name": "getNumberWords",
				"line": 194,
				"loc": {
					"start": { "line": 194, "column": 1 },
					"end": { "line": 196, "column": 1 }
				}
			},
			"11": {
				"name": "getNumberOfPlayers",
				"line": 198,
				"loc": {
					"start": { "line": 198, "column": 1 },
					"end": { "line": 200, "column": 1 }
				}
			},
			"12": {
				"name": "getLatestTimeStamp",
				"line": 202,
				"loc": {
					"start": { "line": 202, "column": 1 },
					"end": { "line": 204, "column": 1 }
				}
			},
			"13": {
				"name": "getRequestConfirmations",
				"line": 206,
				"loc": {
					"start": { "line": 206, "column": 1 },
					"end": { "line": 208, "column": 1 }
				}
			},
			"14": {
				"name": "getInterval",
				"line": 210,
				"loc": {
					"start": { "line": 210, "column": 1 },
					"end": { "line": 212, "column": 1 }
				}
			}
		},
		"statementMap": {
			"1": { "start": { "line": 67, "column": 2 }, "end": { "line": 67, "column": 31 } },
			"2": { "start": { "line": 68, "column": 2 }, "end": { "line": 68, "column": 63 } },
			"3": { "start": { "line": 69, "column": 2 }, "end": { "line": 69, "column": 20 } },
			"4": { "start": { "line": 70, "column": 2 }, "end": { "line": 70, "column": 34 } },
			"5": { "start": { "line": 71, "column": 2 }, "end": { "line": 71, "column": 38 } },
			"6": { "start": { "line": 72, "column": 2 }, "end": { "line": 72, "column": 33 } },
			"7": { "start": { "line": 73, "column": 2 }, "end": { "line": 73, "column": 34 } },
			"8": { "start": { "line": 74, "column": 2 }, "end": { "line": 74, "column": 22 } },
			"9": { "start": { "line": 79, "column": 2 }, "end": { "line": 79, "column": 2370 } },
			"10": { "start": { "line": 82, "column": 2 }, "end": { "line": 82, "column": 2452 } },
			"11": { "start": { "line": 85, "column": 2 }, "end": { "line": 85, "column": 36 } },
			"12": { "start": { "line": 88, "column": 2 }, "end": { "line": 88, "column": 31 } },
			"13": { "start": { "line": 110, "column": 2 }, "end": { "line": 110, "column": 53 } },
			"14": { "start": { "line": 111, "column": 2 }, "end": { "line": 111, "column": 70 } },
			"15": { "start": { "line": 112, "column": 2 }, "end": { "line": 112, "column": 40 } },
			"16": { "start": { "line": 113, "column": 2 }, "end": { "line": 113, "column": 43 } },
			"17": { "start": { "line": 114, "column": 2 }, "end": { "line": 114, "column": 66 } },
			"18": { "start": { "line": 123, "column": 2 }, "end": { "line": 123, "column": 41 } },
			"19": { "start": { "line": 124, "column": 2 }, "end": { "line": 124, "column": 3647 } },
			"20": { "start": { "line": 134, "column": 2 }, "end": { "line": 134, "column": 40 } },
			"21": { "start": { "line": 140, "column": 2 }, "end": { "line": 140, "column": 3977 } },
			"22": { "start": { "line": 148, "column": 2 }, "end": { "line": 148, "column": 42 } },
			"23": { "start": { "line": 156, "column": 2 }, "end": { "line": 156, "column": 59 } },
			"24": { "start": { "line": 157, "column": 2 }, "end": { "line": 157, "column": 57 } },
			"25": { "start": { "line": 158, "column": 2 }, "end": { "line": 158, "column": 30 } },
			"26": { "start": { "line": 159, "column": 2 }, "end": { "line": 159, "column": 72 } },
			"27": { "start": { "line": 161, "column": 2 }, "end": { "line": 161, "column": 4519 } },
			"28": { "start": { "line": 165, "column": 2 }, "end": { "line": 165, "column": 33 } },
			"29": { "start": { "line": 166, "column": 2 }, "end": { "line": 166, "column": 33 } },
			"30": { "start": { "line": 167, "column": 2 }, "end": { "line": 167, "column": 37 } },
			"31": { "start": { "line": 168, "column": 2 }, "end": { "line": 168, "column": 32 } },
			"32": { "start": { "line": 179, "column": 2 }, "end": { "line": 179, "column": 23 } },
			"33": { "start": { "line": 183, "column": 2 }, "end": { "line": 183, "column": 25 } },
			"34": { "start": { "line": 187, "column": 2 }, "end": { "line": 187, "column": 23 } },
			"35": { "start": { "line": 191, "column": 2 }, "end": { "line": 191, "column": 23 } },
			"36": { "start": { "line": 195, "column": 2 }, "end": { "line": 195, "column": 18 } },
			"37": { "start": { "line": 199, "column": 2 }, "end": { "line": 199, "column": 25 } },
			"38": { "start": { "line": 203, "column": 2 }, "end": { "line": 203, "column": 24 } },
			"39": { "start": { "line": 207, "column": 2 }, "end": { "line": 207, "column": 30 } },
			"40": { "start": { "line": 211, "column": 2 }, "end": { "line": 211, "column": 19 } }
		},
		"branchMap": {
			"1": {
				"line": 79,
				"type": "if",
				"locations": [
					{ "start": { "line": 79, "column": 2 }, "end": { "line": 79, "column": 2 } },
					{ "start": { "line": 79, "column": 2 }, "end": { "line": 79, "column": 2 } }
				]
			},
			"2": {
				"line": 82,
				"type": "if",
				"locations": [
					{ "start": { "line": 82, "column": 2 }, "end": { "line": 82, "column": 2 } },
					{ "start": { "line": 82, "column": 2 }, "end": { "line": 82, "column": 2 } }
				]
			},
			"3": {
				"line": 124,
				"type": "if",
				"locations": [
					{ "start": { "line": 124, "column": 2 }, "end": { "line": 124, "column": 2 } },
					{ "start": { "line": 124, "column": 2 }, "end": { "line": 124, "column": 2 } }
				]
			},
			"4": {
				"line": 161,
				"type": "if",
				"locations": [
					{ "start": { "line": 161, "column": 2 }, "end": { "line": 161, "column": 2 } },
					{ "start": { "line": 161, "column": 2 }, "end": { "line": 161, "column": 2 } }
				]
			}
		}
	},
	"contracts/test/VRFCoordinatorV2Mock.sol": {
		"l": {},
		"path": "/home/aditya/blockchain-dev/hardhat-smart-contract-lottery/contracts/test/VRFCoordinatorV2Mock.sol",
		"s": {},
		"b": {},
		"f": {},
		"fnMap": {},
		"statementMap": {},
		"branchMap": {}
	}
}
